(---------------------------------------------------------------------)
(                                                                     )
(    Compose Shapes                                                   )
(                                                                     )
(    Drawing          : supiri_lcd_updated.dra                        )
(    Software Version : 17.2P028                                      )
(    Date/Time        : Tue Nov 26 03:13:42 2019                      )
(                                                                     )
(---------------------------------------------------------------------)


current class name(CONDUCTOR)
Find smallest gap failed. Be cautious, this may not be an error
Retrieve closedLoop with segments (nil) failed
Get shape struct returns nil
A total of 0 shapes were created.
There are segments remaining which do not form a closed shape based on current gap settings.
Use the "Close Shape" option from the RMB popup to close any shape(s) left open.
current class name(CONDUCTOR)
WARNING(SPMHIS-473): 1 selected items completely overlapped with segments from other selected items and have been filtered.
current class name(CONDUCTOR)
Find smallest gap failed. Be cautious, this may not be an error
Retrieve closedLoop with segments (nil) failed
Get shape struct returns nil
A total of 0 shapes were created.
There are segments remaining which do not form a closed shape based on current gap settings.
Use the "Close Shape" option from the RMB popup to close any shape(s) left open.
current class name(CONDUCTOR)
current class name(CONDUCTOR)
Find smallest gap failed. Be cautious, this may not be an error
Retrieve closedLoop with segments (nil) failed
Get shape struct returns nil
A total of 0 shapes were created.
There are segments remaining which do not form a closed shape based on current gap settings.
Use the "Close Shape" option from the RMB popup to close any shape(s) left open.
WARNING(SPMHIS-473): 1 selected items completely overlapped with segments from other selected items and have been filtered.
current class name(CONDUCTOR)
Find smallest gap failed. Be cautious, this may not be an error
Get shape struct returns nil
A total of 0 shapes were created.
There are segments remaining which do not form a closed shape based on current gap settings.
Use the "Close Shape" option from the RMB popup to close any shape(s) left open.
WARNING(SPMHIS-473): 3 selected items completely overlapped with segments from other selected items and have been filtered.
current class name(CONDUCTOR)
Find smallest gap failed. Be cautious, this may not be an error
A total of 1 shapes were created.
Find smallest gap failed. Be cautious, this may not be an error
Get shape struct returns nil
A total of 0 shapes were created.
There are segments remaining which do not form a closed shape based on current gap settings.
Use the "Close Shape" option from the RMB popup to close any shape(s) left open.
