Reading Layer Conversion File 
Reading DXF file...
NOTE: Replacing illegal character * with X in *Model_Space.
NOTE: Replacing illegal character * with X in *Paper_Space.
NOTE: Replacing illegal character * with X in *Paper_Space0.
done.
NOTE: Ignoring unsupported element HATCH on line 10362.
WARNING: DXF Elements are outside the design extents.
Incresing the extents to accomodate these entities.
DXF entities may be out of their desired positions.
WARNING: DXF Elements are outside the design extents.
Incresing the extents to accomodate these entities.
DXF entities may be out of their desired positions.
WARNING: DXF Elements are outside the design extents.
Incresing the extents to accomodate these entities.
DXF entities may be out of their desired positions.
WARNING: DXF Elements are outside the design extents.
Incresing the extents to accomodate these entities.
DXF entities may be out of their desired positions.
WARNING: DXF Elements are outside the design extents.
Incresing the extents to accomodate these entities.
DXF entities may be out of their desired positions.
WARNING: DXF Elements are outside the design extents.
Incresing the extents to accomodate these entities.
DXF entities may be out of their desired positions.
WARNING: DXF Elements are outside the design extents.
Incresing the extents to accomodate these entities.
DXF entities may be out of their desired positions.
WARNING: DXF Elements are outside the design extents.
Incresing the extents to accomodate these entities.
DXF entities may be out of their desired positions.
WARNING: DXF Elements are outside the design extents.
Incresing the extents to accomodate these entities.
DXF entities may be out of their desired positions.
WARNING: DXF Elements are outside the design extents.
Incresing the extents to accomodate these entities.
DXF entities may be out of their desired positions.
WARNING: DXF Elements are outside the design extents.
Incresing the extents to accomodate these entities.
DXF entities may be out of their desired positions.
WARNING: DXF Elements are outside the design extents.
Incresing the extents to accomodate these entities.
DXF entities may be out of their desired positions.
WARNING: DXF Elements are outside the design extents.
Incresing the extents to accomodate these entities.
DXF entities may be out of their desired positions.
WARNING: DXF Elements are outside the design extents.
Incresing the extents to accomodate these entities.
DXF entities may be out of their desired positions.
WARNING: DXF Elements are outside the design extents.
Incresing the extents to accomodate these entities.
DXF entities may be out of their desired positions.
WARNING: DXF Elements are outside the design extents.
Incresing the extents to accomodate these entities.
DXF entities may be out of their desired positions.
WARNING: DXF Elements are outside the design extents.
Incresing the extents to accomodate these entities.
DXF entities may be out of their desired positions.
WARNING: DXF Elements are outside the design extents.
Incresing the extents to accomodate these entities.
DXF entities may be out of their desired positions.
WARNING: DXF Elements are outside the design extents.
Incresing the extents to accomodate these entities.
DXF entities may be out of their desired positions.
WARNING: DXF Elements are outside the design extents.
Incresing the extents to accomodate these entities.
DXF entities may be out of their desired positions.
WARNING: DXF Elements are outside the design extents.
Incresing the extents to accomodate these entities.
DXF entities may be out of their desired positions.
WARNING: DXF Elements are outside the design extents.
Incresing the extents to accomodate these entities.
DXF entities may be out of their desired positions.
WARNING: DXF Elements are outside the design extents.
Incresing the extents to accomodate these entities.
DXF entities may be out of their desired positions.
NOTE: Ignoring unsupported element SPLINE on line 13348.
NOTE: Ignoring unsupported element SPLINE on line 13422.
NOTE: Ignoring unsupported element SPLINE on line 13496.
NOTE: Ignoring unsupported element SPLINE on line 13570.
NOTE: Ignoring unsupported element SPLINE on line 13644.
NOTE: Ignoring unsupported element SPLINE on line 13718.
NOTE: Ignoring unsupported element SPLINE on line 13792.
NOTE: Ignoring unsupported element SPLINE on line 13866.
NOTE: Ignoring unsupported element SPLINE on line 13940.
NOTE: Ignoring unsupported element SPLINE on line 14014.
NOTE: Ignoring unsupported element SPLINE on line 14088.
NOTE: Ignoring unsupported element SPLINE on line 14162.
NOTE: Ignoring unsupported element SPLINE on line 14236.
NOTE: Ignoring unsupported element SPLINE on line 14310.
NOTE: Ignoring unsupported element SPLINE on line 14384.
NOTE: Ignoring unsupported element SPLINE on line 14458.
NOTE: Ignoring unsupported element SPLINE on line 14532.
NOTE: Ignoring unsupported element SPLINE on line 14606.
NOTE: Ignoring unsupported element SPLINE on line 14680.
NOTE: Ignoring unsupported element SPLINE on line 14754.
NOTE: Ignoring unsupported element SPLINE on line 14828.
NOTE: Ignoring unsupported element SPLINE on line 14902.
NOTE: Ignoring unsupported element SPLINE on line 14976.
NOTE: Ignoring unsupported element SPLINE on line 15050.
NOTE: Ignoring unsupported element SPLINE on line 15124.
NOTE: Ignoring unsupported element SPLINE on line 15198.
NOTE: Ignoring unsupported element SPLINE on line 15272.
NOTE: Ignoring unsupported element SPLINE on line 15346.
NOTE: Ignoring unsupported element SPLINE on line 5160.
NOTE: Ignoring unsupported element SPLINE on line 5234.
NOTE: Ignoring unsupported element SPLINE on line 5308.
NOTE: Ignoring unsupported element SPLINE on line 5382.
NOTE: Ignoring unsupported element SPLINE on line 5456.
NOTE: Ignoring unsupported element SPLINE on line 5530.
NOTE: Ignoring unsupported element SPLINE on line 5604.
NOTE: Ignoring unsupported element SPLINE on line 5678.
NOTE: Ignoring unsupported element MTEXT on line 2728.
NOTE: Ignoring unsupported element MTEXT on line 15510.
NOTE: Ignoring unsupported element MTEXT on line 15550.
NOTE: Ignoring unsupported element MTEXT on line 15590.
NOTE: Ignoring unsupported element MTEXT on line 15630.
NOTE: Ignoring unsupported element MTEXT on line 15670.
NOTE: Ignoring unsupported element MTEXT on line 15710.
NOTE: Ignoring unsupported element MTEXT on line 15750.
NOTE: Ignoring unsupported element MTEXT on line 15790.
NOTE: Ignoring unsupported element MTEXT on line 15830.
NOTE: Ignoring unsupported element MTEXT on line 15870.
NOTE: Ignoring unsupported element MTEXT on line 15910.
NOTE: Ignoring unsupported element MTEXT on line 15950.
NOTE: Ignoring unsupported element MTEXT on line 15990.
NOTE: Ignoring unsupported element MTEXT on line 16030.
NOTE: Ignoring unsupported element MTEXT on line 16070.
NOTE: Ignoring unsupported element MTEXT on line 16110.
NOTE: Ignoring unsupported element MTEXT on line 16150.
NOTE: Ignoring unsupported element MTEXT on line 16190.
NOTE: Ignoring unsupported element MTEXT on line 16230.
NOTE: Ignoring unsupported element MTEXT on line 16270.
NOTE: Ignoring unsupported element MTEXT on line 5790.
NOTE: Ignoring unsupported element MTEXT on line 5826.
NOTE: Ignoring unsupported element MTEXT on line 16330.
NOTE: Ignoring unsupported element MTEXT on line 16364.
NOTE: Ignoring unsupported element MTEXT on line 16398.
NOTE: Ignoring unsupported element MTEXT on line 16438.
NOTE: Ignoring unsupported element MTEXT on line 16472.
NOTE: Ignoring unsupported element MTEXT on line 16506.
NOTE: Ignoring unsupported element MTEXT on line 16546.
NOTE: Ignoring unsupported element MTEXT on line 16586.
NOTE: Ignoring unsupported element MTEXT on line 16626.
NOTE: Ignoring unsupported element MTEXT on line 16666.
NOTE: Ignoring unsupported element MTEXT on line 16706.
NOTE: Ignoring unsupported element MTEXT on line 16746.
NOTE: Ignoring unsupported element MTEXT on line 16786.
NOTE: Ignoring unsupported element MTEXT on line 16826.
NOTE: Ignoring unsupported element MTEXT on line 16866.
NOTE: Ignoring unsupported element MTEXT on line 16906.
NOTE: Ignoring unsupported element MTEXT on line 16946.
NOTE: Ignoring unsupported element MTEXT on line 16986.
NOTE: Ignoring unsupported element MTEXT on line 17026.
NOTE: Ignoring unsupported element MTEXT on line 5900.
NOTE: Ignoring unsupported element MTEXT on line 5940.
NOTE: Ignoring unsupported element MTEXT on line 5980.
NOTE: Ignoring unsupported element MTEXT on line 6020.
NOTE: Ignoring unsupported element MTEXT on line 6060.
NOTE: Ignoring unsupported element MTEXT on line 6100.
NOTE: Ignoring unsupported element MTEXT on line 17092.
NOTE: Ignoring unsupported element MTEXT on line 17132.
NOTE: Ignoring unsupported element MTEXT on line 17172.
NOTE: Ignoring unsupported element MTEXT on line 17212.
NOTE: Ignoring unsupported element MTEXT on line 17252.
NOTE: Ignoring unsupported element MTEXT on line 6178.
NOTE: Ignoring unsupported element MTEXT on line 6218.
NOTE: Ignoring unsupported element MTEXT on line 6258.
NOTE: Ignoring unsupported element MTEXT on line 6298.
NOTE: Ignoring unsupported element MTEXT on line 6338.
NOTE: Ignoring unsupported element MTEXT on line 6378.
NOTE: Ignoring unsupported element MTEXT on line 17318.
NOTE: Ignoring unsupported element MTEXT on line 6456.
NOTE: Ignoring unsupported element MTEXT on line 6492.
NOTE: Ignoring unsupported element MTEXT on line 6528.
NOTE: Ignoring unsupported element MTEXT on line 6564.
NOTE: Ignoring unsupported element MTEXT on line 6600.
NOTE: Ignoring unsupported element MTEXT on line 6636.
NOTE: Ignoring unsupported element MTEXT on line 6672.
NOTE: Ignoring unsupported element MTEXT on line 6708.
NOTE: Ignoring unsupported element MTEXT on line 6744.
NOTE: Ignoring unsupported element MTEXT on line 6780.
NOTE: Ignoring unsupported element MTEXT on line 6816.
NOTE: Ignoring unsupported element ELLIPSE on line 17408.
NOTE: Ignoring unsupported element ELLIPSE on line 17450.
NOTE: Ignoring unsupported element ELLIPSE on line 19324.
NOTE: Ignoring unsupported element ELLIPSE on line 19396.
NOTE: Ignoring unsupported element MTEXT on line 20828.
NOTE: Ignoring unsupported element MTEXT on line 20866.
NOTE: Ignoring unsupported element SPLINE on line 23278.
NOTE: Ignoring unsupported element SPLINE on line 23640.
NOTE: Ignoring unsupported element SPLINE on line 23926.
NOTE: Ignoring unsupported element SPLINE on line 24112.
NOTE: Ignoring unsupported element HATCH on line 26060.
NOTE: Ignoring unsupported element HATCH on line 26392.
NOTE: Ignoring unsupported element HATCH on line 26692.
NOTE: Ignoring unsupported element MTEXT on line 10050.
NOTE: Ignoring unsupported element MTEXT on line 10086.
NOTE: Ignoring unsupported element ELLIPSE on line 27308.
NOTE: Ignoring unsupported element ELLIPSE on line 27380.
Layer conversion file: C:/Users/Hamit/Desktop/HH-1515-0-0_l.cnv
DXF file: C:/Users/Hamit/Desktop/HH-1515-0-0.DXF
MCM file: C:/Cadence/Cadence/Cadence_SPB_17.2-2016/share/pcb/pcb_lib/symbols/#Taaaaaa05992.dra
Update existing design?: YES
Use default text?: YES
DXF units: MILLIMETERS
Design units: MILLIMETERS
Design precision: 4
dxf2a complete.
